Build started 11/21/2016 3:50:28 PM.
     1>Project "C:\Users\moi\git\CIS565\kdtreePathTracerOptimization\build\kdtreePathTracerOptimization.vcxproj" on node 2 (Build target(s)).
     1>ClCompile:
         C:\Program Files (x86)\Microsoft Visual Studio 12.0\VC\bin\x86_amd64\CL.exe /c /IC:\Users\moi\git\CIS565\kdtreePathTracerOptimization\external /IC:\Users\moi\git\CIS565\kdtreePathTracerOptimization\external\include /IC:\Users\moi\git\CIS565\kdtreePathTracerOptimization\. /I"C:\Program Files\NVIDIA GPU Computing Toolkit\CUDA\v7.5\include" /Zi /nologo /W3 /WX- /Od /Ob0 /D WIN32 /D _WINDOWS /D _DEBUG /D GLEW_STATIC /D "CMAKE_INTDIR=\"Debug\"" /D _MBCS /Gm- /EHsc /RTC1 /MDd /GS /fp:precise /Zc:wchar_t /Zc:forScope /GR /Fo"kdtreePathTracerOptimization.dir\Debug\\" /Fd"kdtreePathTracerOptimization.dir\Debug\vc120.pdb" /Gd /TP /errorReport:prompt C:\Users\moi\git\CIS565\kdtreePathTracerOptimization\src\main.cpp
         main.cpp
     1>C:\Users\moi\git\CIS565\kdtreePathTracerOptimization\src\main.cpp(142): warning C4244: 'initializing' : conversion from 'int' to 'float', possible loss of data
     1>C:\Users\moi\git\CIS565\kdtreePathTracerOptimization\src\main.cpp(193): warning C4018: '<' : signed/unsigned mismatch
     1>C:\Users\moi\git\CIS565\kdtreePathTracerOptimization\src\main.cpp(253): warning C4553: '==' : operator has no effect; did you intend '='?
     1>C:\Users\moi\git\CIS565\kdtreePathTracerOptimization\src\main.cpp(260): warning C4553: '==' : operator has no effect; did you intend '='?
     1>C:\Users\moi\git\CIS565\kdtreePathTracerOptimization\src\main.cpp(267): warning C4553: '==' : operator has no effect; did you intend '='?
     1>C:\Users\moi\git\CIS565\kdtreePathTracerOptimization\src\main.cpp(312): warning C4129: 's' : unrecognized character escape sequence
     1>C:\Users\moi\git\CIS565\kdtreePathTracerOptimization\src\main.cpp(332): warning C4244: '-=' : conversion from 'double' to 'float', possible loss of data
     1>C:\Users\moi\git\CIS565\kdtreePathTracerOptimization\src\main.cpp(333): warning C4244: '-=' : conversion from 'double' to 'float', possible loss of data
     1>C:\Users\moi\git\CIS565\kdtreePathTracerOptimization\src\main.cpp(338): warning C4244: '+=' : conversion from 'double' to 'float', possible loss of data
       Link:
         C:\Program Files (x86)\Microsoft Visual Studio 12.0\VC\bin\x86_amd64\link.exe /ERRORREPORT:PROMPT /OUT:"C:\Users\moi\git\CIS565\kdtreePathTracerOptimization\build\Debug\kdtreePathTracerOptimization.exe" /INCREMENTAL /NOLOGO /LIBPATH:C:/Users/moi/git/CIS565/kdtreePathTracerOptimization/external/lib/win /LIBPATH:C:/Users/moi/git/CIS565/kdtreePathTracerOptimization/external/lib/win/Debug kernel32.lib user32.lib gdi32.lib winspool.lib shell32.lib ole32.lib oleaut32.lib uuid.lib comdlg32.lib advapi32.lib "C:\Program Files\NVIDIA GPU Computing Toolkit\CUDA\v7.5\lib\x64\cudart.lib" src\Debug\src.lib ..\external\lib\win\glfw3.lib glu32.lib opengl32.lib ..\external\lib\win\glew32s.lib "C:\Program Files\NVIDIA GPU Computing Toolkit\CUDA\v7.5\lib\x64\cudart.lib" /MANIFEST /MANIFESTUAC:"level='asInvoker' uiAccess='false'" /manifest:embed /DEBUG /PDB:"C:/Users/moi/git/CIS565/kdtreePathTracerOptimization/build/Debug/kdtreePathTracerOptimization.pdb" /SUBSYSTEM:CONSOLE /TLBID:1 /DYNAMICBASE /NXCOMPAT /IMPLIB:"C:/Users/moi/git/CIS565/kdtreePathTracerOptimization/build/Debug/kdtreePathTracerOptimization.lib" /MACHINE:X64  /machine:x64 kdtreePathTracerOptimization.dir\Debug\main.obj
     1>LINK : warning LNK4098: defaultlib 'MSVCRT' conflicts with use of other libs; use /NODEFAULTLIB:library
     1>LINK : warning LNK4098: defaultlib 'LIBCMT' conflicts with use of other libs; use /NODEFAULTLIB:library
     1>glew32s.lib(glew.obj) : warning LNK4099: PDB 'vc120.pdb' was not found with 'glew32s.lib(glew.obj)' or at 'C:\Users\moi\git\CIS565\kdtreePathTracerOptimization\build\Debug\vc120.pdb'; linking object as if no debug info
         kdtreePathTracerOptimization.vcxproj -> C:\Users\moi\git\CIS565\kdtreePathTracerOptimization\build\Debug\kdtreePathTracerOptimization.exe
       PostBuildEvent:
         setlocal
         "C:\Program Files\CMake\bin\cmake.exe" -E copy_directory C:/Users/moi/git/CIS565/kdtreePathTracerOptimization/shaders C:/Users/moi/git/CIS565/kdtreePathTracerOptimization/build/shaders
         if %errorlevel% neq 0 goto :cmEnd
         :cmEnd
         endlocal & call :cmErrorLevel %errorlevel% & goto :cmDone
         :cmErrorLevel
         exit /b %1
         :cmDone
         if %errorlevel% neq 0 goto :VCEnd
         :VCEnd
     1>Done Building Project "C:\Users\moi\git\CIS565\kdtreePathTracerOptimization\build\kdtreePathTracerOptimization.vcxproj" (Build target(s)).

Build succeeded.

Time Elapsed 00:00:01.19
