c:\users\moi\documents\visual studio 2015\projects\kdstart\kdstart\x64\debug\kdstart.pch.codeanalysis
c:\users\moi\documents\visual studio 2015\projects\kdstart\kdstart\x64\debug\vc140.pdb
c:\users\moi\documents\visual studio 2015\projects\kdstart\kdstart\x64\debug\vc140.idb
c:\users\moi\documents\visual studio 2015\projects\kdstart\kdstart\x64\debug\kdstart.pch.codeanalysisast
c:\users\moi\documents\visual studio 2015\projects\kdstart\kdstart\x64\debug\stdafx.nativecodeanalysis.xml
c:\users\moi\documents\visual studio 2015\projects\kdstart\kdstart\x64\debug\stdafx.obj
c:\users\moi\documents\visual studio 2015\projects\kdstart\kdstart\x64\debug\kdstart.pch
c:\users\moi\documents\visual studio 2015\projects\kdstart\kdstart\x64\debug\kdstart.nativecodeanalysis.xml
c:\users\moi\documents\visual studio 2015\projects\kdstart\kdstart\x64\debug\kdstart.obj
c:\users\moi\documents\visual studio 2015\projects\kdstart\x64\debug\kdstart.ilk
c:\users\moi\documents\visual studio 2015\projects\kdstart\x64\debug\kdstart.exe
c:\users\moi\documents\visual studio 2015\projects\kdstart\x64\debug\kdstart.pdb
c:\users\moi\documents\visual studio 2015\projects\kdstart\kdstart\x64\debug\nativecodeanalysis.read.1.tlog
c:\users\moi\documents\visual studio 2015\projects\kdstart\kdstart\x64\debug\vc.nativecodeanalysis.all.xml
c:\users\moi\documents\visual studio 2015\projects\kdstart\x64\debug\kdstart.exe.lastcodeanalysissucceeded
c:\users\moi\documents\visual studio 2015\projects\kdstart\kdstart\x64\debug\kdstart.tlog\cl.command.1.tlog
c:\users\moi\documents\visual studio 2015\projects\kdstart\kdstart\x64\debug\kdstart.tlog\cl.read.1.tlog
c:\users\moi\documents\visual studio 2015\projects\kdstart\kdstart\x64\debug\kdstart.tlog\cl.write.1.tlog
c:\users\moi\documents\visual studio 2015\projects\kdstart\kdstart\x64\debug\kdstart.tlog\link.command.1.tlog
c:\users\moi\documents\visual studio 2015\projects\kdstart\kdstart\x64\debug\kdstart.tlog\link.read.1.tlog
c:\users\moi\documents\visual studio 2015\projects\kdstart\kdstart\x64\debug\kdstart.tlog\link.write.1.tlog
