Build started 11/21/2016 3:34:47 PM.
     1>Project "C:\Users\moi\git\CIS565\kdtreePathTracerOptimization\build\src\src.vcxproj" on node 2 (Rebuild target(s)).
     1>CustomBuild:
         Building NVCC (Device) object src/CMakeFiles/src.dir/Release/src_generated_pathtrace.cu.obj
         pathtrace.cu
         
     1>c:\users\moi\git\cis565\kdtreepathtraceroptimization\src\interactions.h(124): warning : statement is unreachable
         
         
         
     1>c:\users\moi\git\cis565\kdtreepathtraceroptimization\src\interactions.h(91): warning : variable "refl" was declared but never referenced
         
         
         
     1>c:\users\moi\git\cis565\kdtreepathtraceroptimization\src\interactions.h(109): warning : calling a __host__ function from a __host__ __device__ function is not allowed
         
         
         
     1>c:\users\moi\git\cis565\kdtreepathtraceroptimization\src\interactions.h(116): warning : calling a __host__ function from a __host__ __device__ function is not allowed
         
         
         
     1>c:\users\moi\git\cis565\kdtreepathtraceroptimization\external\include\glm\gtx\intersect.inl(51): warning : calling a __host__ function from a __host__ __device__ function is not allowed
         
                   detected during instantiation of "__nv_bool glm::intersectRayTriangle(const genType &, const genType &, const genType &, const genType &, const genType &, genType &) [with genType=glm::vec3]" 
         
         C:/Users/moi/git/CIS565/kdtreePathTracerOptimization/src/pathtrace.cu(527): here
         
         
         
     1>C:/Users/moi/git/CIS565/kdtreePathTracerOptimization/src/pathtrace.cu(83): warning : variable "iter2" was declared but never referenced
         
         
         
     1>c:\users\moi\git\cis565\kdtreepathtraceroptimization\src\interactions.h(109) (col. 11) : warning : calling a __host__ function("std::max<float> ") from a __host__ __device__ function("getFresnelValOld") is not allowed
         
         
         
     1>c:\users\moi\git\cis565\kdtreepathtraceroptimization\src\interactions.h(116) (col. 15) : warning : calling a __host__ function("std::max<float> ") from a __host__ __device__ function("getFresnelValOld") is not allowed
         
         
         
     1>c:\users\moi\git\cis565\kdtreepathtraceroptimization\src\interactions.h(124): warning : statement is unreachable
         
         
         
     1>c:\users\moi\git\cis565\kdtreepathtraceroptimization\src\interactions.h(91): warning : variable "refl" was declared but never referenced
         
         
         
     1>C:/Users/moi/git/CIS565/kdtreePathTracerOptimization/src/pathtrace.cu(83): warning : variable "iter2" was declared but never referenced
         
         
         
         pathtrace.cu
         
     1>C:/Program Files/NVIDIA GPU Computing Toolkit/CUDA/v7.5/include\thrust/system/cuda/detail/bulk/execution_policy.hpp(241): warning C4267: 'argument' : conversion from 'size_t' to 'thrust::system::cuda::detail::bulk_::parallel_group<thrust::system::cuda::detail::bulk_::agent<0x01>,0x00>::size_type', possible loss of data
         
     1>C:/Program Files/NVIDIA GPU Computing Toolkit/CUDA/v7.5/include\thrust/system/cuda/detail/bulk/execution_policy.hpp(303): warning C4267: 'argument' : conversion from 'size_t' to 'thrust::system::cuda::detail::bulk_::parallel_group<thrust::system::cuda::detail::bulk_::agent<0x01>,0x00>::size_type', possible loss of data
         
     1>C:/Program Files/NVIDIA GPU Computing Toolkit/CUDA/v7.5/include\thrust/system/cuda/detail/bulk/execution_policy.hpp(319): warning C4267: 'argument' : conversion from 'size_t' to 'thrust::system::cuda::detail::bulk_::parallel_group<thrust::system::cuda::detail::bulk_::agent<0x01>,0x00>::size_type', possible loss of data
         
     1>C:/Program Files/NVIDIA GPU Computing Toolkit/CUDA/v7.5/include\thrust/system/cuda/detail/bulk/execution_policy.hpp(439): warning C4267: 'argument' : conversion from 'size_t' to 'thrust::system::cuda::detail::bulk_::concurrent_group<thrust::system::cuda::detail::bulk_::agent<0x01>,0x00>::size_type', possible loss of data
         
     1>c:\users\moi\git\cis565\kdtreepathtraceroptimization\src\intersections.h(66): warning C4244: '=' : conversion from 'int' to 'float', possible loss of data
         
     1>c:\users\moi\git\cis565\kdtreepathtraceroptimization\src\interactions.h(212): warning C4305: 'argument' : truncation from 'double' to 'float'
         
     1>c:\users\moi\git\cis565\kdtreepathtraceroptimization\src\interactions.h(281): warning C4305: 'argument' : truncation from 'double' to 'float'
         
     1>c:\users\moi\git\cis565\kdtreepathtraceroptimization\src\interactions.h(307): warning C4305: 'argument' : truncation from 'double' to 'float'
         
     1>c:\users\moi\git\cis565\kdtreepathtraceroptimization\src\interactions.h(345): warning C4305: 'argument' : truncation from 'double' to 'float'
         
     1>C:/Users/moi/git/CIS565/kdtreePathTracerOptimization/src/pathtrace.cu(102): warning C4244: 'return' : conversion from 'const float' to 'int', possible loss of data
         
     1>C:/Users/moi/git/CIS565/kdtreePathTracerOptimization/src/pathtrace.cu(903): warning C4244: 'initializing' : conversion from '__int64' to 'int', possible loss of data
         
     1>C:/Users/moi/git/CIS565/kdtreePathTracerOptimization/src/pathtrace.cu(924): warning C4267: 'argument' : conversion from 'size_t' to 'int', possible loss of data
         
     1>C:/Users/moi/git/CIS565/kdtreePathTracerOptimization/src/pathtrace.cu(1030): warning C4244: '=' : conversion from '__int64' to 'int', possible loss of data
         
     1>C:/Program Files/NVIDIA GPU Computing Toolkit/CUDA/v7.5/include\thrust/system/cuda/detail/bulk/execution_policy.hpp(250): warning C4267: 'argument' : conversion from 'size_t' to 'thrust::system::cuda::detail::bulk_::parallel_group<thrust::system::cuda::detail::bulk_::concurrent_group<thrust::system::cuda::detail::bulk_::agent<0x01>,0x00>,0x00>::size_type', possible loss of data
         
                 C:/Program Files/NVIDIA GPU Computing Toolkit/CUDA/v7.5/include\thrust/system/cuda/detail/bulk/execution_policy.hpp(625) : see reference to function template instantiation 'thrust::system::cuda::detail::bulk_::parallel_group<thrust::system::cuda::detail::bulk_::concurrent_group<thrust::system::cuda::detail::bulk_::agent<0x01>,0x00>,0x00> thrust::system::cuda::detail::bulk_::par<thrust::system::cuda::detail::bulk_::concurrent_group<thrust::system::cuda::detail::bulk_::agent<0x01>,0x00>>(ExecutionAgent,size_t)' being compiled
         
                 with
         
                 [
         
                     ExecutionAgent=thrust::system::cuda::detail::bulk_::concurrent_group<thrust::system::cuda::detail::bulk_::agent<0x01>,0x00>
         
                 ]
         
     1>C:/Program Files/NVIDIA GPU Computing Toolkit/CUDA/v7.5/include\thrust/system/cuda/detail/bulk/detail/cuda_launcher/cuda_launcher.hpp(155): warning C4267: 'return' : conversion from 'size_t' to 'int', possible loss of data
         
                 C:/Program Files/NVIDIA GPU Computing Toolkit/CUDA/v7.5/include\thrust/system/cuda/detail/bulk/detail/cuda_launcher/cuda_launcher.hpp(148) : while compiling class template member function 'int thrust::system::cuda::detail::bulk_::detail::cuda_launcher_base<0,thrust::system::cuda::detail::bulk_::parallel_group<thrust::system::cuda::detail::bulk_::concurrent_group<thrust::system::cuda::detail::bulk_::agent<0x01>,0x00>,0x00>,Closure>::choose_group_size(int)'
         
                 with
         
                 [
         
                     Closure=thrust::system::cuda::detail::bulk_::detail::closure<thrust::system::cuda::detail::for_each_n_detail::for_each_kernel,thrust::tuple<thrust::system::cuda::detail::bulk_::detail::cursor<0>,thrust::pointer<PathSegment,thrust::system::cuda::detail::tag,thrust::use_default,thrust::use_default>,thrust::detail::wrapped_function<thrust::detail::allocator_traits_detail::gozer,void>,unsigned int,thrust::null_type,thrust::null_type,thrust::null_type,thrust::null_type,thrust::null_type,thrust::null_type>>
         
                 ]
         
                 C:/Program Files/NVIDIA GPU Computing Toolkit/CUDA/v7.5/include\thrust/system/cuda/detail/bulk/detail/cuda_launcher/cuda_launcher.hpp(305) : see reference to function template instantiation 'int thrust::system::cuda::detail::bulk_::detail::cuda_launcher_base<0,thrust::system::cuda::detail::bulk_::parallel_group<thrust::system::cuda::detail::bulk_::concurrent_group<thrust::system::cuda::detail::bulk_::agent<0x01>,0x00>,0x00>,Closure>::choose_group_size(int)' being compiled
         
                 with
         
                 [
         
                     Closure=thrust::system::cuda::detail::bulk_::detail::closure<thrust::system::cuda::detail::for_each_n_detail::for_each_kernel,thrust::tuple<thrust::system::cuda::detail::bulk_::detail::cursor<0>,thrust::pointer<PathSegment,thrust::system::cuda::detail::tag,thrust::use_default,thrust::use_default>,thrust::detail::wrapped_function<thrust::detail::allocator_traits_detail::gozer,void>,unsigned int,thrust::null_type,thrust::null_type,thrust::null_type,thrust::null_type,thrust::null_type,thrust::null_type>>
         
                 ]
         
                 C:/Program Files/NVIDIA GPU Computing Toolkit/CUDA/v7.5/include\thrust/system/cuda/detail/bulk/detail/cuda_launcher/cuda_launcher.hpp(228) : see reference to class template instantiation 'thrust::system::cuda::detail::bulk_::detail::cuda_launcher_base<0,thrust::system::cuda::detail::bulk_::parallel_group<thrust::system::cuda::detail::bulk_::concurrent_group<thrust::system::cuda::detail::bulk_::agent<0x01>,0x00>,0x00>,Closure>' being compiled
         
                 with
         
                 [
         
                     Closure=thrust::system::cuda::detail::bulk_::detail::closure<thrust::system::cuda::detail::for_each_n_detail::for_each_kernel,thrust::tuple<thrust::system::cuda::detail::bulk_::detail::cursor<0>,thrust::pointer<PathSegment,thrust::system::cuda::detail::tag,thrust::use_default,thrust::use_default>,thrust::detail::wrapped_function<thrust::detail::allocator_traits_detail::gozer,void>,unsigned int,thrust::null_type,thrust::null_type,thrust::null_type,thrust::null_type,thrust::null_type,thrust::null_type>>
         
                 ]
         
                 C:/Program Files/NVIDIA GPU Computing Toolkit/CUDA/v7.5/include\thrust/system/cuda/detail/bulk/detail/choose_sizes.inl(41) : see reference to class template instantiation 'thrust::system::cuda::detail::bulk_::detail::cuda_launcher<thrust::system::cuda::detail::bulk_::parallel_group<thrust::system::cuda::detail::bulk_::concurrent_group<thrust::system::cuda::detail::bulk_::agent<0x01>,0x00>,0x00>,Closure>' being compiled
         
                 with
         
                 [
         
                     Closure=thrust::system::cuda::detail::bulk_::detail::closure<thrust::system::cuda::detail::for_each_n_detail::for_each_kernel,thrust::tuple<thrust::system::cuda::detail::bulk_::detail::cursor<0>,thrust::pointer<PathSegment,thrust::system::cuda::detail::tag,thrust::use_default,thrust::use_default>,thrust::detail::wrapped_function<thrust::detail::allocator_traits_detail::gozer,void>,unsigned int,thrust::null_type,thrust::null_type,thrust::null_type,thrust::null_type,thrust::null_type,thrust::null_type>>
         
                 ]
         
                 C:/Program Files/NVIDIA GPU Computing Toolkit/CUDA/v7.5/include\thrust/system/cuda/detail/bulk/detail/choose_sizes.inl(96) : see reference to function template instantiation 'thrust::pair<int,int> thrust::system::cuda::detail::bulk_::detail::choose_sizes<thrust::system::cuda::detail::bulk_::detail::closure<thrust::system::cuda::detail::for_each_n_detail::for_each_kernel,thrust::tuple<thrust::system::cuda::detail::bulk_::detail::cursor<0>,thrust::pointer<PathSegment,thrust::system::cuda::detail::tag,thrust::use_default,thrust::use_default>,thrust::detail::wrapped_function<thrust::detail::allocator_traits_detail::gozer,void>,unsigned int,thrust::null_type,thrust::null_type,thrust::null_type,thrust::null_type,thrust::null_type,thrust::null_type>>>(thrust::system::cuda::detail::bulk_::parallel_group<thrust::system::cuda::detail::bulk_::concurrent_group<thrust::system::cuda::detail::bulk_::agent<0x01>,0x00>,0x00>,Closure)' being compiled
         
                 with
         
                 [
         
                     Closure=thrust::system::cuda::detail::bulk_::detail::closure<thrust::system::cuda::detail::for_each_n_detail::for_each_kernel,thrust::tuple<thrust::system::cuda::detail::bulk_::detail::cursor<0>,thrust::pointer<PathSegment,thrust::system::cuda::detail::tag,thrust::use_default,thrust::use_default>,thrust::detail::wrapped_function<thrust::detail::allocator_traits_detail::gozer,void>,unsigned int,thrust::null_type,thrust::null_type,thrust::null_type,thrust::null_type,thrust::null_type,thrust::null_type>>
         
                 ]
         
                 C:/Program Files/NVIDIA GPU Computing Toolkit/CUDA/v7.5/include\thrust/system/cuda/detail/for_each.inl(125) : see reference to function template instantiation 'thrust::pair<int,int> thrust::system::cuda::detail::bulk_::choose_sizes<thrust::system::cuda::detail::for_each_n_detail::for_each_kernel,thrust::system::cuda::detail::bulk_::detail::cursor<0>,RandomAccessIterator,thrust::detail::wrapped_function<thrust::detail::allocator_traits_detail::gozer,void>,unsigned int>(thrust::system::cuda::detail::bulk_::parallel_group<thrust::system::cuda::detail::bulk_::concurrent_group<thrust::system::cuda::detail::bulk_::agent<0x01>,0x00>,0x00>,Function,Arg1,Arg2,Arg3,Arg4)' being compiled
         
                 with
         
                 [
         
                     RandomAccessIterator=thrust::pointer<PathSegment,thrust::system::cuda::detail::tag,thrust::use_default,thrust::use_default>
         
         ,            Function=thrust::system::cuda::detail::for_each_n_detail::for_each_kernel
         
         ,            Arg1=thrust::system::cuda::detail::bulk_::detail::cursor<0>
         
         ,            Arg2=thrust::pointer<PathSegment,thrust::system::cuda::detail::tag,thrust::use_default,thrust::use_default>
         
         ,            Arg3=thrust::detail::wrapped_function<thrust::detail::allocator_traits_detail::gozer,void>
         
         ,            Arg4=unsigned int
         
                 ]
         
                 C:/Program Files/NVIDIA GPU Computing Toolkit/CUDA/v7.5/include\thrust/system/cuda/detail/sort.inl(221) : see reference to function template instantiation 'void thrust::sort<DerivedPolicy,RandomAccessIterator,StrictWeakOrdering>(const thrust::detail::execution_policy_base<DerivedPolicy> &,RandomAccessIterator,RandomAccessIterator,StrictWeakOrdering)' being compiled
         
                 with
         
                 [
         
                     DerivedPolicy=thrust::detail::seq_t
         
         ,            RandomAccessIterator=thrust::device_ptr<ShadeableIntersection>
         
         ,            StrictWeakOrdering=thrust::less<ShadeableIntersection>
         
                 ]
         
                 C:/Program Files/NVIDIA GPU Computing Toolkit/CUDA/v7.5/include\thrust/detail/allocator/allocator_traits.inl(249) : while compiling class template member function 'void thrust::detail::allocator_traits<Alloc>::deallocate(thrust::detail::no_throw_allocator<thrust::detail::temporary_allocator<T,System>> &,thrust::pointer<PathSegment,thrust::system::cuda::detail::tag,thrust::use_default,thrust::use_default>,unsigned __int64)'
         
                 with
         
                 [
         
                     Alloc=thrust::detail::no_throw_allocator<thrust::detail::temporary_allocator<PathSegment,thrust::system::cuda::detail::tag>>
         
         ,            T=PathSegment
         
         ,            System=thrust::system::cuda::detail::tag
         
                 ]
         
                 C:/Program Files/NVIDIA GPU Computing Toolkit/CUDA/v7.5/include\thrust/detail/contiguous_storage.inl(172) : see reference to function template instantiation 'void thrust::detail::allocator_traits<Alloc>::deallocate(thrust::detail::no_throw_allocator<thrust::detail::temporary_allocator<T,System>> &,thrust::pointer<PathSegment,thrust::system::cuda::detail::tag,thrust::use_default,thrust::use_default>,unsigned __int64)' being compiled
         
                 with
         
                 [
         
                     Alloc=thrust::detail::no_throw_allocator<thrust::detail::temporary_allocator<PathSegment,thrust::system::cuda::detail::tag>>
         
         ,            T=PathSegment
         
         ,            System=thrust::system::cuda::detail::tag
         
                 ]
         
                 C:/Program Files/NVIDIA GPU Computing Toolkit/CUDA/v7.5/include\thrust/detail/contiguous_storage.inl(169) : while compiling class template member function 'void thrust::detail::contiguous_storage<T,thrust::detail::no_throw_allocator<thrust::detail::temporary_allocator<T,System>>>::deallocate(void)'
         
                 with
         
                 [
         
                     T=PathSegment
         
         ,            System=thrust::system::cuda::detail::tag
         
                 ]
         
                 C:/Program Files/NVIDIA GPU Computing Toolkit/CUDA/v7.5/include\thrust/detail/contiguous_storage.inl(64) : see reference to function template instantiation 'void thrust::detail::contiguous_storage<T,thrust::detail::no_throw_allocator<thrust::detail::temporary_allocator<T,System>>>::deallocate(void)' being compiled
         
                 with
         
                 [
         
                     T=PathSegment
         
         ,            System=thrust::system::cuda::detail::tag
         
                 ]
         
                 C:/Program Files/NVIDIA GPU Computing Toolkit/CUDA/v7.5/include\thrust/detail/contiguous_storage.inl(38) : while compiling class template member function 'thrust::detail::contiguous_storage<T,thrust::detail::no_throw_allocator<thrust::detail::temporary_allocator<T,System>>>::contiguous_storage(const thrust::detail::no_throw_allocator<thrust::detail::temporary_allocator<T,System>> &)'
         
                 with
         
                 [
         
                     T=PathSegment
         
         ,            System=thrust::system::cuda::detail::tag
         
                 ]
         
                 C:/Program Files/NVIDIA GPU Computing Toolkit/CUDA/v7.5/include\thrust/detail/temporary_array.inl(131) : see reference to function template instantiation 'thrust::detail::contiguous_storage<T,thrust::detail::no_throw_allocator<thrust::detail::temporary_allocator<T,System>>>::contiguous_storage(const thrust::detail::no_throw_allocator<thrust::detail::temporary_allocator<T,System>> &)' being compiled
         
                 with
         
                 [
         
                     T=PathSegment
         
         ,            System=thrust::system::cuda::detail::tag
         
                 ]
         
                 C:/Program Files/NVIDIA GPU Computing Toolkit/CUDA/v7.5/include\thrust/detail/contiguous_storage.inl(90) : while compiling class template member function 'thrust::detail::normal_iterator<thrust::pointer<PathSegment,thrust::system::cuda::detail::tag,thrust::use_default,thrust::use_default>> thrust::detail::contiguous_storage<T,thrust::detail::no_throw_allocator<thrust::detail::temporary_allocator<T,System>>>::begin(void)'
         
                 with
         
                 [
         
                     T=PathSegment
         
         ,            System=thrust::system::cuda::detail::tag
         
                 ]
         
                 C:/Program Files/NVIDIA GPU Computing Toolkit/CUDA/v7.5/include\thrust/system/detail/generic/remove.inl(89) : see reference to function template instantiation 'thrust::detail::normal_iterator<thrust::pointer<PathSegment,thrust::system::cuda::detail::tag,thrust::use_default,thrust::use_default>> thrust::detail::contiguous_storage<T,thrust::detail::no_throw_allocator<thrust::detail::temporary_allocator<T,System>>>::begin(void)' being compiled
         
                 with
         
                 [
         
                     T=PathSegment
         
         ,            System=thrust::system::cuda::detail::tag
         
                 ]
         
                 C:/Program Files/NVIDIA GPU Computing Toolkit/CUDA/v7.5/include\thrust/detail/temporary_array.h(38) : see reference to class template instantiation 'thrust::detail::contiguous_storage<T,thrust::detail::no_throw_allocator<thrust::detail::temporary_allocator<T,System>>>' being compiled
         
                 with
         
                 [
         
                     T=PathSegment
         
         ,            System=thrust::system::cuda::detail::tag
         
                 ]
         
                 C:/Program Files/NVIDIA GPU Computing Toolkit/CUDA/v7.5/include\thrust/system/detail/generic/remove.inl(86) : see reference to class template instantiation 'thrust::detail::temporary_array<PathSegment,DerivedPolicy>' being compiled
         
                 with
         
                 [
         
                     DerivedPolicy=thrust::system::cuda::detail::tag
         
                 ]
         
                 C:/Program Files/NVIDIA GPU Computing Toolkit/CUDA/v7.5/include\thrust/detail/remove.inl(76) : see reference to function template instantiation 'ForwardIterator thrust::system::detail::generic::remove_if<thrust::system::cuda::detail::tag,ForwardIterator,Predicate>(thrust::execution_policy<thrust::system::cuda::detail::tag> &,ForwardIterator,ForwardIterator,Predicate)' being compiled
         
                 with
         
                 [
         
                     ForwardIterator=thrust::device_ptr<PathSegment>
         
         ,            Predicate=is_zero_bounce
         
                 ]
         
                 C:/Program Files/NVIDIA GPU Computing Toolkit/CUDA/v7.5/include\thrust/detail/remove.inl(181) : see reference to function template instantiation 'ForwardIterator thrust::remove_if<DerivedPolicy,ForwardIterator,Predicate>(const thrust::detail::execution_policy_base<DerivedPolicy> &,ForwardIterator,ForwardIterator,Predicate)' being compiled
         
                 with
         
                 [
         
                     ForwardIterator=thrust::device_ptr<PathSegment>
         
         ,            DerivedPolicy=thrust::system::cuda::detail::tag
         
         ,            Predicate=is_zero_bounce
         
                 ]
         
                 C:/Users/moi/git/CIS565/kdtreePathTracerOptimization/src/pathtrace.cu(1029) : see reference to function template instantiation 'ForwardIterator thrust::remove_if<thrust::device_ptr<PathSegment>,is_zero_bounce>(ForwardIterator,ForwardIterator,Predicate)' being compiled
         
                 with
         
                 [
         
                     ForwardIterator=thrust::device_ptr<PathSegment>
         
         ,            Predicate=is_zero_bounce
         
                 ]
         
     1>C:/Program Files/NVIDIA GPU Computing Toolkit/CUDA/v7.5/include\thrust/system/cuda/detail/detail/stable_sort_each.inl(299): warning C4244: 'initializing' : conversion from 'difference_type' to 'int', possible loss of data
         
                 C:/Program Files/NVIDIA GPU Computing Toolkit/CUDA/v7.5/include\thrust/system/cuda/detail/detail/stable_merge_sort.inl(412) : see reference to function template instantiation 'void thrust::system::cuda::detail::detail::stable_sort_each_copy<11,thrust::system::cuda::detail::tag,context_type,RandomAccessIterator,unsigned int*,thrust::detail::normal_iterator<thrust::pointer<unsigned int,thrust::system::cuda::detail::tag,thrust::use_default,thrust::use_default>>,Compare>(thrust::system::cuda::detail::execution_policy<thrust::system::cuda::detail::tag> &,Context,unsigned int,RandomAccessIterator1,RandomAccessIterator1,Pointer,RandomAccessIterator2,Compare)' being compiled
         
                 with
         
                 [
         
                     RandomAccessIterator=thrust::detail::normal_iterator<thrust::pointer<unsigned int,thrust::system::cuda::detail::tag,thrust::use_default,thrust::use_default>>
         
         ,            Compare=thrust::system::cuda::detail::temporary_indirect_ordering<thrust::system::cuda::detail::tag,thrust::device_ptr<PathSegment>,thrust::less<PathSegment>>::compare
         
         ,            Context=context_type
         
         ,            RandomAccessIterator1=thrust::detail::normal_iterator<thrust::pointer<unsigned int,thrust::system::cuda::detail::tag,thrust::use_default,thrust::use_default>>
         
         ,            Pointer=unsigned int *
         
         ,            RandomAccessIterator2=thrust::detail::normal_iterator<thrust::pointer<unsigned int,thrust::system::cuda::detail::tag,thrust::use_default,thrust::use_default>>
         
                 ]
         
                 C:/Program Files/NVIDIA GPU Computing Toolkit/CUDA/v7.5/include\thrust/system/cuda/detail/detail/stable_merge_sort.inl(457) : see reference to function template instantiation 'void thrust::system::cuda::detail::detail::stable_merge_sort_detail::stable_merge_sort_n<thrust::system::cuda::detail::tag,RandomAccessIterator,thrust::detail::uint32_t,Compare>(thrust::system::cuda::detail::execution_policy<thrust::system::cuda::detail::tag> &,RandomAccessIterator,Size,Compare)' being compiled
         
                 with
         
                 [
         
                     RandomAccessIterator=thrust::detail::normal_iterator<thrust::pointer<unsigned int,thrust::system::cuda::detail::tag,thrust::use_default,thrust::use_default>>
         
         ,            Compare=thrust::system::cuda::detail::temporary_indirect_ordering<thrust::system::cuda::detail::tag,thrust::device_ptr<PathSegment>,thrust::less<PathSegment>>::compare
         
         ,            Size=thrust::detail::uint32_t
         
                 ]
         
                 C:/Program Files/NVIDIA GPU Computing Toolkit/CUDA/v7.5/include\thrust/system/cuda/detail/detail/stable_merge_sort.inl(488) : see reference to function template instantiation 'void thrust::system::cuda::detail::detail::stable_merge_sort_detail::stable_merge_sort<thrust::system::cuda::detail::tag,thrust::detail::normal_iterator<thrust::pointer<unsigned int,thrust::system::cuda::detail::tag,thrust::use_default,thrust::use_default>>,thrust::system::cuda::detail::temporary_indirect_ordering<thrust::system::cuda::detail::tag,thrust::device_ptr<PathSegment>,thrust::less<PathSegment>>::compare>(thrust::system::cuda::detail::execution_policy<thrust::system::cuda::detail::tag> &,RandomAccessIterator,RandomAccessIterator,Compare)' being compiled
         
                 with
         
                 [
         
                     RandomAccessIterator=thrust::detail::normal_iterator<thrust::pointer<unsigned int,thrust::system::cuda::detail::tag,thrust::use_default,thrust::use_default>>
         
         ,            Compare=thrust::system::cuda::detail::temporary_indirect_ordering<thrust::system::cuda::detail::tag,thrust::device_ptr<PathSegment>,thrust::less<PathSegment>>::compare
         
                 ]
         
                 C:/Program Files/NVIDIA GPU Computing Toolkit/CUDA/v7.5/include\thrust/system/cuda/detail/sort.inl(135) : see reference to function template instantiation 'void thrust::system::cuda::detail::detail::stable_merge_sort<thrust::system::cuda::detail::tag,RandomAccessIterator,StrictWeakOrdering>(thrust::system::cuda::detail::execution_policy<thrust::system::cuda::detail::tag> &,RandomAccessIterator,RandomAccessIterator,Compare)' being compiled
         
                 with
         
                 [
         
                     RandomAccessIterator=thrust::device_ptr<PathSegment>
         
         ,            StrictWeakOrdering=thrust::less<PathSegment>
         
         ,            Compare=thrust::less<PathSegment>
         
                 ]
         
                 C:/Program Files/NVIDIA GPU Computing Toolkit/CUDA/v7.5/include\thrust/system/cuda/detail/sort.inl(213) : see reference to function template instantiation 'void thrust::system::cuda::detail::stable_sort_detail::stable_sort<thrust::system::cuda::detail::tag,RandomAccessIterator,StrictWeakOrdering>(thrust::system::cuda::detail::execution_policy<thrust::system::cuda::detail::tag> &,RandomAccessIterator,RandomAccessIterator,StrictWeakOrdering)' being compiled
         
                 with
         
                 [
         
                     RandomAccessIterator=thrust::device_ptr<PathSegment>
         
         ,            StrictWeakOrdering=thrust::less<PathSegment>
         
                 ]
         
     1>C:/Program Files/NVIDIA GPU Computing Toolkit/CUDA/v7.5/include\thrust/system/cuda/detail/bulk/detail/cuda_launcher/cuda_launcher.hpp(85): warning C4267: 'return' : conversion from 'size_t' to 'int', possible loss of data
         
                 C:/Program Files/NVIDIA GPU Computing Toolkit/CUDA/v7.5/include\thrust/system/cuda/detail/bulk/detail/cuda_launcher/cuda_launcher.hpp(84) : while compiling class template member function 'int thrust::system::cuda::detail::bulk_::detail::cuda_launcher_base<0,thrust::system::cuda::detail::bulk_::parallel_group<thrust::system::cuda::detail::bulk_::concurrent_group<thrust::system::cuda::detail::bulk_::agent<0x01>,0x00>,0x00>,Closure>::max_active_blocks_per_multiprocessor(const thrust::system::cuda::detail::bulk_::detail::device_properties_t &,const thrust::system::cuda::detail::bulk_::detail::function_attributes_t &,int,int)'
         
                 with
         
                 [
         
                     Closure=thrust::system::cuda::detail::bulk_::detail::closure<thrust::system::cuda::detail::for_each_n_detail::for_each_kernel,thrust::tuple<thrust::system::cuda::detail::bulk_::detail::cursor<0>,thrust::pointer<PathSegment,thrust::system::cuda::detail::tag,thrust::use_default,thrust::use_default>,thrust::detail::wrapped_function<thrust::detail::allocator_traits_detail::gozer,void>,unsigned int,thrust::null_type,thrust::null_type,thrust::null_type,thrust::null_type,thrust::null_type,thrust::null_type>>
         
                 ]
         
                 C:/Program Files/NVIDIA GPU Computing Toolkit/CUDA/v7.5/include\thrust/system/cuda/detail/bulk/detail/cuda_launcher/cuda_launcher.hpp(96) : see reference to function template instantiation 'int thrust::system::cuda::detail::bulk_::detail::cuda_launcher_base<0,thrust::system::cuda::detail::bulk_::parallel_group<thrust::system::cuda::detail::bulk_::concurrent_group<thrust::system::cuda::detail::bulk_::agent<0x01>,0x00>,0x00>,Closure>::max_active_blocks_per_multiprocessor(const thrust::system::cuda::detail::bulk_::detail::device_properties_t &,const thrust::system::cuda::detail::bulk_::detail::function_attributes_t &,int,int)' being compiled
         
                 with
         
                 [
         
                     Closure=thrust::system::cuda::detail::bulk_::detail::closure<thrust::system::cuda::detail::for_each_n_detail::for_each_kernel,thrust::tuple<thrust::system::cuda::detail::bulk_::detail::cursor<0>,thrust::pointer<PathSegment,thrust::system::cuda::detail::tag,thrust::use_default,thrust::use_default>,thrust::detail::wrapped_function<thrust::detail::allocator_traits_detail::gozer,void>,unsigned int,thrust::null_type,thrust::null_type,thrust::null_type,thrust::null_type,thrust::null_type,thrust::null_type>>
         
                 ]
         
     1>C:/Program Files/NVIDIA GPU Computing Toolkit/CUDA/v7.5/include\thrust/system/cuda/detail/bulk/execution_policy.hpp(458): warning C4267: 'argument' : conversion from 'size_t' to 'thrust::system::cuda::detail::bulk_::concurrent_group<thrust::system::cuda::detail::bulk_::agent<0x03>,0x0200>::size_type', possible loss of data
         
                 C:/Program Files/NVIDIA GPU Computing Toolkit/CUDA/v7.5/include\thrust/system/cuda/detail/bulk/execution_policy.hpp(667) : see reference to function template instantiation 'thrust::system::cuda::detail::bulk_::concurrent_group<thrust::system::cuda::detail::bulk_::agent<0x03>,0x0200> thrust::system::cuda::detail::bulk_::con<0x0200,0x03>(size_t)' being compiled
         
                 C:/Program Files/NVIDIA GPU Computing Toolkit/CUDA/v7.5/include\thrust/system/cuda/detail/scan.inl(235) : see reference to function template instantiation 'thrust::system::cuda::detail::bulk_::async_launch<thrust::system::cuda::detail::bulk_::parallel_group<thrust::system::cuda::detail::bulk_::concurrent_group<thrust::system::cuda::detail::bulk_::agent<0x03>,0x0200>,0x00>> thrust::system::cuda::detail::bulk_::grid<0x0200,3>(size_t,size_t,cudaStream_t)' being compiled
         
                 C:/Program Files/NVIDIA GPU Computing Toolkit/CUDA/v7.5/include\thrust/system/cuda/detail/scan.inl(406) : see reference to function template instantiation 'OutputIterator thrust::system::cuda::detail::scan_detail::inclusive_scan<thrust::system::cuda::detail::tag,InputIterator,OutputIterator,AssociativeOperator>(thrust::system::cuda::detail::execution_policy<thrust::system::cuda::detail::tag> &,InputIterator,InputIterator,OutputIterator,AssociativeOperator)' being compiled
         
                 with
         
                 [
         
                     OutputIterator=thrust::detail::normal_iterator<thrust::pointer<__int64,thrust::system::cuda::detail::tag,thrust::use_default,thrust::use_default>>
         
         ,            InputIterator=thrust::detail::normal_iterator<thrust::pointer<__int64,thrust::system::cuda::detail::tag,thrust::use_default,thrust::use_default>>
         
         ,            AssociativeOperator=thrust::plus<__int64>
         
                 ]
         
                 C:/Program Files/NVIDIA GPU Computing Toolkit/CUDA/v7.5/include\thrust/system/cuda/detail/temporary_indirect_permutation.h(43) : while compiling class template member function 'thrust::system::cuda::detail::temporary_indirect_permutation<DerivedPolicy,RandomAccessIterator>::temporary_indirect_permutation(thrust::execution_policy<DerivedPolicy> &,RandomAccessIterator,RandomAccessIterator)'
         
                 with
         
                 [
         
                     DerivedPolicy=thrust::system::cuda::detail::tag
         
         ,            RandomAccessIterator=thrust::device_ptr<ShadeableIntersection>
         
                 ]
         
                 C:/Program Files/NVIDIA GPU Computing Toolkit/CUDA/v7.5/include\thrust/system/cuda/detail/temporary_indirect_permutation.h(149) : see reference to function template instantiation 'thrust::system::cuda::detail::temporary_indirect_permutation<DerivedPolicy,RandomAccessIterator>::temporary_indirect_permutation(thrust::execution_policy<DerivedPolicy> &,RandomAccessIterator,RandomAccessIterator)' being compiled
         
                 with
         
                 [
         
                     DerivedPolicy=thrust::system::cuda::detail::tag
         
         ,            RandomAccessIterator=thrust::device_ptr<ShadeableIntersection>
         
                 ]
         
                 C:/Program Files/NVIDIA GPU Computing Toolkit/CUDA/v7.5/include\thrust/system/cuda/detail/temporary_indirect_permutation.h(138) : see reference to class template instantiation 'thrust::system::cuda::detail::temporary_indirect_permutation<DerivedPolicy,RandomAccessIterator>' being compiled
         
                 with
         
                 [
         
                     DerivedPolicy=thrust::system::cuda::detail::tag
         
         ,            RandomAccessIterator=thrust::device_ptr<ShadeableIntersection>
         
                 ]
         
                 c:\users\moi\appdata\local\temp\tmpxft_00004b24_00000000-5_pathtrace.cudafe1.stub.c(47) : see reference to class template instantiation 'thrust::system::cuda::detail::temporary_indirect_ordering<thrust::system::cuda::detail::tag,thrust::device_ptr<ShadeableIntersection>,thrust::less<ShadeableIntersection>>' being compiled
         
     1>C:/Program Files/NVIDIA GPU Computing Toolkit/CUDA/v7.5/include\thrust/system/cuda/detail/bulk/execution_policy.hpp(458): warning C4267: 'argument' : conversion from 'size_t' to 'thrust::system::cuda::detail::bulk_::concurrent_group<thrust::system::cuda::detail::bulk_::agent<0x09>,0x080>::size_type', possible loss of data
         
                 C:/Program Files/NVIDIA GPU Computing Toolkit/CUDA/v7.5/include\thrust/system/cuda/detail/bulk/execution_policy.hpp(667) : see reference to function template instantiation 'thrust::system::cuda::detail::bulk_::concurrent_group<thrust::system::cuda::detail::bulk_::agent<0x09>,0x080> thrust::system::cuda::detail::bulk_::con<0x080,0x09>(size_t)' being compiled
         
                 C:/Program Files/NVIDIA GPU Computing Toolkit/CUDA/v7.5/include\thrust/system/cuda/detail/scan.inl(259) : see reference to function template instantiation 'thrust::system::cuda::detail::bulk_::async_launch<thrust::system::cuda::detail::bulk_::parallel_group<thrust::system::cuda::detail::bulk_::concurrent_group<thrust::system::cuda::detail::bulk_::agent<0x09>,0x080>,0x00>> thrust::system::cuda::detail::bulk_::grid<0x080,0x09>(size_t,size_t,cudaStream_t)' being compiled
         
     1>C:/Program Files/NVIDIA GPU Computing Toolkit/CUDA/v7.5/include\thrust/system/cuda/detail/bulk/execution_policy.hpp(458): warning C4267: 'argument' : conversion from 'size_t' to 'thrust::system::cuda::detail::bulk_::concurrent_group<thrust::system::cuda::detail::bulk_::agent<0x03>,0x0100>::size_type', possible loss of data
         
                 C:/Program Files/NVIDIA GPU Computing Toolkit/CUDA/v7.5/include\thrust/system/cuda/detail/bulk/execution_policy.hpp(667) : see reference to function template instantiation 'thrust::system::cuda::detail::bulk_::concurrent_group<thrust::system::cuda::detail::bulk_::agent<0x03>,0x0100> thrust::system::cuda::detail::bulk_::con<0x0100,0x03>(size_t)' being compiled
         
                 C:/Program Files/NVIDIA GPU Computing Toolkit/CUDA/v7.5/include\thrust/system/cuda/detail/scan.inl(267) : see reference to function template instantiation 'thrust::system::cuda::detail::bulk_::async_launch<thrust::system::cuda::detail::bulk_::parallel_group<thrust::system::cuda::detail::bulk_::concurrent_group<thrust::system::cuda::detail::bulk_::agent<0x03>,0x0100>,0x00>> thrust::system::cuda::detail::bulk_::grid<0x0100,0x03>(size_t,size_t,cudaStream_t)' being compiled
         
     1>C:/Program Files/NVIDIA GPU Computing Toolkit/CUDA/v7.5/include\thrust/detail/pair.inl(46): warning C4267: 'initializing' : conversion from 'size_t' to 'int', possible loss of data
         
                 C:/Program Files/NVIDIA GPU Computing Toolkit/CUDA/v7.5/include\thrust/system/cuda/detail/bulk/detail/cuda_launcher/cuda_launcher.hpp(101) : see reference to function template instantiation 'thrust::pair<int,int>::pair<size_t,int>(const thrust::pair<size_t,int> &)' being compiled
         
                 C:/Program Files/NVIDIA GPU Computing Toolkit/CUDA/v7.5/include\thrust/system/cuda/detail/bulk/detail/cuda_launcher/cuda_launcher.hpp(101) : see reference to function template instantiation 'thrust::pair<int,int>::pair<size_t,int>(const thrust::pair<size_t,int> &)' being compiled
         
                 C:/Program Files/NVIDIA GPU Computing Toolkit/CUDA/v7.5/include\thrust/system/cuda/detail/bulk/detail/cuda_launcher/cuda_launcher.hpp(94) : while compiling class template member function 'thrust::pair<int,int> thrust::system::cuda::detail::bulk_::detail::cuda_launcher_base<0,thrust::system::cuda::detail::bulk_::parallel_group<thrust::system::cuda::detail::bulk_::concurrent_group<thrust::system::cuda::detail::bulk_::agent<0x01>,0x00>,0x00>,Closure>::dynamic_smem_occupancy_limit(const thrust::system::cuda::detail::bulk_::detail::device_properties_t &,const thrust::system::cuda::detail::bulk_::detail::function_attributes_t &,int,int)'
         
                 with
         
                 [
         
                     Closure=thrust::system::cuda::detail::bulk_::detail::closure<thrust::system::cuda::detail::for_each_n_detail::for_each_kernel,thrust::tuple<thrust::system::cuda::detail::bulk_::detail::cursor<0>,thrust::pointer<PathSegment,thrust::system::cuda::detail::tag,thrust::use_default,thrust::use_default>,thrust::detail::wrapped_function<thrust::detail::allocator_traits_detail::gozer,void>,unsigned int,thrust::null_type,thrust::null_type,thrust::null_type,thrust::null_type,thrust::null_type,thrust::null_type>>
         
                 ]
         
                 C:/Program Files/NVIDIA GPU Computing Toolkit/CUDA/v7.5/include\thrust/system/cuda/detail/bulk/detail/cuda_launcher/cuda_launcher.hpp(119) : see reference to function template instantiation 'thrust::pair<int,int> thrust::system::cuda::detail::bulk_::detail::cuda_launcher_base<0,thrust::system::cuda::detail::bulk_::parallel_group<thrust::system::cuda::detail::bulk_::concurrent_group<thrust::system::cuda::detail::bulk_::agent<0x01>,0x00>,0x00>,Closure>::dynamic_smem_occupancy_limit(const thrust::system::cuda::detail::bulk_::detail::device_properties_t &,const thrust::system::cuda::detail::bulk_::detail::function_attributes_t &,int,int)' being compiled
         
                 with
         
                 [
         
                     Closure=thrust::system::cuda::detail::bulk_::detail::closure<thrust::system::cuda::detail::for_each_n_detail::for_each_kernel,thrust::tuple<thrust::system::cuda::detail::bulk_::detail::cursor<0>,thrust::pointer<PathSegment,thrust::system::cuda::detail::tag,thrust::use_default,thrust::use_default>,thrust::detail::wrapped_function<thrust::detail::allocator_traits_detail::gozer,void>,unsigned int,thrust::null_type,thrust::null_type,thrust::null_type,thrust::null_type,thrust::null_type,thrust::null_type>>
         
                 ]
         
     1>C:/Program Files/NVIDIA GPU Computing Toolkit/CUDA/v7.5/include\thrust/system/cuda/detail/bulk/execution_policy.hpp(250): warning C4267: 'argument' : conversion from 'size_t' to 'thrust::system::cuda::detail::bulk_::parallel_group<thrust::system::cuda::detail::bulk_::concurrent_group<thrust::system::cuda::detail::bulk_::agent<0x03>,0x0200>,0x00>::size_type', possible loss of data
         
                 C:/Program Files/NVIDIA GPU Computing Toolkit/CUDA/v7.5/include\thrust/system/cuda/detail/bulk/execution_policy.hpp(311) : see reference to function template instantiation 'thrust::system::cuda::detail::bulk_::parallel_group<thrust::system::cuda::detail::bulk_::concurrent_group<thrust::system::cuda::detail::bulk_::agent<0x03>,0x0200>,0x00> thrust::system::cuda::detail::bulk_::par<ExecutionAgent>(ExecutionAgent,size_t)' being compiled
         
                 with
         
                 [
         
                     ExecutionAgent=thrust::system::cuda::detail::bulk_::concurrent_group<thrust::system::cuda::detail::bulk_::agent<0x03>,0x0200>
         
                 ]
         
                 C:/Program Files/NVIDIA GPU Computing Toolkit/CUDA/v7.5/include\thrust/system/cuda/detail/bulk/execution_policy.hpp(667) : see reference to function template instantiation 'thrust::system::cuda::detail::bulk_::async_launch<thrust::system::cuda::detail::bulk_::parallel_group<thrust::system::cuda::detail::bulk_::concurrent_group<thrust::system::cuda::detail::bulk_::agent<0x03>,0x0200>,0x00>> thrust::system::cuda::detail::bulk_::par<thrust::system::cuda::detail::bulk_::concurrent_group<thrust::system::cuda::detail::bulk_::agent<0x03>,0x0200>>(cudaStream_t,ExecutionAgent,size_t)' being compiled
         
                 with
         
                 [
         
                     ExecutionAgent=thrust::system::cuda::detail::bulk_::concurrent_group<thrust::system::cuda::detail::bulk_::agent<0x03>,0x0200>
         
                 ]
         
     1>C:/Program Files/NVIDIA GPU Computing Toolkit/CUDA/v7.5/include\thrust/system/cuda/detail/bulk/execution_policy.hpp(250): warning C4267: 'argument' : conversion from 'size_t' to 'thrust::system::cuda::detail::bulk_::parallel_group<thrust::system::cuda::detail::bulk_::concurrent_group<thrust::system::cuda::detail::bulk_::agent<0x09>,0x080>,0x00>::size_type', possible loss of data
         
                 C:/Program Files/NVIDIA GPU Computing Toolkit/CUDA/v7.5/include\thrust/system/cuda/detail/bulk/execution_policy.hpp(311) : see reference to function template instantiation 'thrust::system::cuda::detail::bulk_::parallel_group<thrust::system::cuda::detail::bulk_::concurrent_group<thrust::system::cuda::detail::bulk_::agent<0x09>,0x080>,0x00> thrust::system::cuda::detail::bulk_::par<ExecutionAgent>(ExecutionAgent,size_t)' being compiled
         
                 with
         
                 [
         
                     ExecutionAgent=thrust::system::cuda::detail::bulk_::concurrent_group<thrust::system::cuda::detail::bulk_::agent<0x09>,0x080>
         
                 ]
         
                 C:/Program Files/NVIDIA GPU Computing Toolkit/CUDA/v7.5/include\thrust/system/cuda/detail/bulk/execution_policy.hpp(667) : see reference to function template instantiation 'thrust::system::cuda::detail::bulk_::async_launch<thrust::system::cuda::detail::bulk_::parallel_group<thrust::system::cuda::detail::bulk_::concurrent_group<thrust::system::cuda::detail::bulk_::agent<0x09>,0x080>,0x00>> thrust::system::cuda::detail::bulk_::par<thrust::system::cuda::detail::bulk_::concurrent_group<thrust::system::cuda::detail::bulk_::agent<0x09>,0x080>>(cudaStream_t,ExecutionAgent,size_t)' being compiled
         
                 with
         
                 [
         
                     ExecutionAgent=thrust::system::cuda::detail::bulk_::concurrent_group<thrust::system::cuda::detail::bulk_::agent<0x09>,0x080>
         
                 ]
         
     1>C:/Program Files/NVIDIA GPU Computing Toolkit/CUDA/v7.5/include\thrust/system/cuda/detail/bulk/execution_policy.hpp(250): warning C4267: 'argument' : conversion from 'size_t' to 'thrust::system::cuda::detail::bulk_::parallel_group<thrust::system::cuda::detail::bulk_::concurrent_group<thrust::system::cuda::detail::bulk_::agent<0x03>,0x0100>,0x00>::size_type', possible loss of data
         
                 C:/Program Files/NVIDIA GPU Computing Toolkit/CUDA/v7.5/include\thrust/system/cuda/detail/bulk/execution_policy.hpp(311) : see reference to function template instantiation 'thrust::system::cuda::detail::bulk_::parallel_group<thrust::system::cuda::detail::bulk_::concurrent_group<thrust::system::cuda::detail::bulk_::agent<0x03>,0x0100>,0x00> thrust::system::cuda::detail::bulk_::par<ExecutionAgent>(ExecutionAgent,size_t)' being compiled
         
                 with
         
                 [
         
                     ExecutionAgent=thrust::system::cuda::detail::bulk_::concurrent_group<thrust::system::cuda::detail::bulk_::agent<0x03>,0x0100>
         
                 ]
         
                 C:/Program Files/NVIDIA GPU Computing Toolkit/CUDA/v7.5/include\thrust/system/cuda/detail/bulk/execution_policy.hpp(667) : see reference to function template instantiation 'thrust::system::cuda::detail::bulk_::async_launch<thrust::system::cuda::detail::bulk_::parallel_group<thrust::system::cuda::detail::bulk_::concurrent_group<thrust::system::cuda::detail::bulk_::agent<0x03>,0x0100>,0x00>> thrust::system::cuda::detail::bulk_::par<thrust::system::cuda::detail::bulk_::concurrent_group<thrust::system::cuda::detail::bulk_::agent<0x03>,0x0100>>(cudaStream_t,ExecutionAgent,size_t)' being compiled
         
                 with
         
                 [
         
                     ExecutionAgent=thrust::system::cuda::detail::bulk_::concurrent_group<thrust::system::cuda::detail::bulk_::agent<0x03>,0x0100>
         
                 ]
         
     1>C:/Program Files/NVIDIA GPU Computing Toolkit/CUDA/v7.5/include\thrust/detail/internal_functional.h(322): warning C4244: '=' : conversion from '__int64' to 'unsigned int', possible loss of data
         
                 C:/Program Files/NVIDIA GPU Computing Toolkit/CUDA/v7.5/include\thrust/detail/function.h(60) : see reference to function template instantiation 'void thrust::detail::unary_transform_functor<thrust::system::cuda::detail::detail::stable_merge_sort_detail::locate_merge_path<thrust::detail::normal_iterator<thrust::pointer<unsigned int,thrust::system::cuda::detail::tag,thrust::use_default,thrust::use_default>>,unsigned int,thrust::system::cuda::detail::temporary_indirect_ordering<thrust::system::cuda::detail::tag,thrust::device_ptr<PathSegment>,thrust::less<PathSegment>>::compare>>::operator ()<thrust::detail::tuple_of_iterator_references<__int64,unsigned int &,thrust::null_type,thrust::null_type,thrust::null_type,thrust::null_type,thrust::null_type,thrust::null_type,thrust::null_type,thrust::null_type>>(Tuple)' being compiled
         
                 with
         
                 [
         
                     Tuple=thrust::detail::tuple_of_iterator_references<__int64,unsigned int &,thrust::null_type,thrust::null_type,thrust::null_type,thrust::null_type,thrust::null_type,thrust::null_type,thrust::null_type,thrust::null_type>
         
                 ]
         
                 C:/Program Files/NVIDIA GPU Computing Toolkit/CUDA/v7.5/include\thrust/detail/function.h(60) : see reference to function template instantiation 'void thrust::detail::unary_transform_functor<thrust::system::cuda::detail::detail::stable_merge_sort_detail::locate_merge_path<thrust::detail::normal_iterator<thrust::pointer<unsigned int,thrust::system::cuda::detail::tag,thrust::use_default,thrust::use_default>>,unsigned int,thrust::system::cuda::detail::temporary_indirect_ordering<thrust::system::cuda::detail::tag,thrust::device_ptr<PathSegment>,thrust::less<PathSegment>>::compare>>::operator ()<thrust::detail::tuple_of_iterator_references<__int64,unsigned int &,thrust::null_type,thrust::null_type,thrust::null_type,thrust::null_type,thrust::null_type,thrust::null_type,thrust::null_type,thrust::null_type>>(Tuple)' being compiled
         
                 with
         
                 [
         
                     Tuple=thrust::detail::tuple_of_iterator_references<__int64,unsigned int &,thrust::null_type,thrust::null_type,thrust::null_type,thrust::null_type,thrust::null_type,thrust::null_type,thrust::null_type,thrust::null_type>
         
                 ]
         
                 C:/Program Files/NVIDIA GPU Computing Toolkit/CUDA/v7.5/include\thrust/system/detail/sequential/for_each.h(83) : see reference to function template instantiation 'Result thrust::detail::wrapped_function<thrust::detail::unary_transform_functor<thrust::system::cuda::detail::detail::stable_merge_sort_detail::locate_merge_path<thrust::detail::normal_iterator<thrust::pointer<unsigned int,thrust::system::cuda::detail::tag,thrust::use_default,thrust::use_default>>,unsigned int,thrust::system::cuda::detail::temporary_indirect_ordering<thrust::system::cuda::detail::tag,thrust::device_ptr<PathSegment>,thrust::less<PathSegment>>::compare>>,Result>::operator ()<thrust::detail::tuple_of_iterator_references<__int64,thrust::reference<Element,thrust::pointer<Element,thrust::system::cuda::detail::tag,thrust::use_default,thrust::use_default>,thrust::use_default>,thrust::null_type,thrust::null_type,thrust::null_type,thrust::null_type,thrust::null_type,thrust::null_type,thrust::null_type,thrust::null_type>>(const Argument &) const' being compiled
         
                 with
         
                 [
         
                     Result=void
         
         ,            Element=unsigned int
         
         ,            Argument=thrust::detail::tuple_of_iterator_references<__int64,thrust::reference<unsigned int,thrust::pointer<unsigned int,thrust::system::cuda::detail::tag,thrust::use_default,thrust::use_default>,thrust::use_default>,thrust::null_type,thrust::null_type,thrust::null_type,thrust::null_type,thrust::null_type,thrust::null_type,thrust::null_type,thrust::null_type>
         
                 ]
         
                 C:/Program Files/NVIDIA GPU Computing Toolkit/CUDA/v7.5/include\thrust/system/detail/sequential/for_each.h(83) : see reference to function template instantiation 'Result thrust::detail::wrapped_function<thrust::detail::unary_transform_functor<thrust::system::cuda::detail::detail::stable_merge_sort_detail::locate_merge_path<thrust::detail::normal_iterator<thrust::pointer<unsigned int,thrust::system::cuda::detail::tag,thrust::use_default,thrust::use_default>>,unsigned int,thrust::system::cuda::detail::temporary_indirect_ordering<thrust::system::cuda::detail::tag,thrust::device_ptr<PathSegment>,thrust::less<PathSegment>>::compare>>,Result>::operator ()<thrust::detail::tuple_of_iterator_references<__int64,thrust::reference<Element,thrust::pointer<Element,thrust::system::cuda::detail::tag,thrust::use_default,thrust::use_default>,thrust::use_default>,thrust::null_type,thrust::null_type,thrust::null_type,thrust::null_type,thrust::null_type,thrust::null_type,thrust::null_type,thrust::null_type>>(const Argument &) const' being compiled
         
                 with
         
                 [
         
                     Result=void
         
         ,            Element=unsigned int
         
         ,            Argument=thrust::detail::tuple_of_iterator_references<__int64,thrust::reference<unsigned int,thrust::pointer<unsigned int,thrust::system::cuda::detail::tag,thrust::use_default,thrust::use_default>,thrust::use_default>,thrust::null_type,thrust::null_type,thrust::null_type,thrust::null_type,thrust::null_type,thrust::null_type,thrust::null_type,thrust::null_type>
         
                 ]
         
                 C:/Program Files/NVIDIA GPU Computing Toolkit/CUDA/v7.5/include\thrust/detail/for_each.inl(71) : see reference to function template instantiation 'InputIterator thrust::system::detail::sequential::for_each_n<thrust::detail::seq_t,InputIterator,Size,UnaryFunction>(thrust::system::detail::sequential::execution_policy<thrust::detail::seq_t> &,InputIterator,Size,UnaryFunction)' being compiled
         
                 with
         
                 [
         
                     InputIterator=thrust::zip_iterator<thrust::tuple<thrust::counting_iterator<__int64,thrust::use_default,thrust::use_default,__int64>,thrust::detail::normal_iterator<thrust::pointer<unsigned int,thrust::system::cuda::detail::tag,thrust::use_default,thrust::use_default>>,thrust::null_type,thrust::null_type,thrust::null_type,thrust::null_type,thrust::null_type,thrust::null_type,thrust::null_type,thrust::null_type>>
         
         ,            Size=__int64
         
         ,            UnaryFunction=thrust::detail::unary_transform_functor<thrust::system::cuda::detail::detail::stable_merge_sort_detail::locate_merge_path<thrust::detail::normal_iterator<thrust::pointer<unsigned int,thrust::system::cuda::detail::tag,thrust::use_default,thrust::use_default>>,unsigned int,thrust::system::cuda::detail::temporary_indirect_ordering<thrust::system::cuda::detail::tag,thrust::device_ptr<PathSegment>,thrust::less<PathSegment>>::compare>>
         
                 ]
         
                 C:/Program Files/NVIDIA GPU Computing Toolkit/CUDA/v7.5/include\thrust/system/cuda/detail/for_each.inl(152) : see reference to function template instantiation 'InputIterator thrust::for_each_n<DerivedPolicy,RandomAccessIterator,Size,UnaryFunction>(const thrust::detail::execution_policy_base<DerivedPolicy> &,InputIterator,Size,UnaryFunction)' being compiled
         
                 with
         
                 [
         
                     InputIterator=thrust::zip_iterator<thrust::tuple<thrust::counting_iterator<__int64,thrust::use_default,thrust::use_default,__int64>,thrust::detail::normal_iterator<thrust::pointer<unsigned int,thrust::system::cuda::detail::tag,thrust::use_default,thrust::use_default>>,thrust::null_type,thrust::null_type,thrust::null_type,thrust::null_type,thrust::null_type,thrust::null_type,thrust::null_type,thrust::null_type>>
         
         ,            DerivedPolicy=thrust::detail::seq_t
         
         ,            RandomAccessIterator=thrust::zip_iterator<thrust::tuple<thrust::counting_iterator<__int64,thrust::use_default,thrust::use_default,__int64>,thrust::detail::normal_iterator<thrust::pointer<unsigned int,thrust::system::cuda::detail::tag,thrust::use_default,thrust::use_default>>,thrust::null_type,thrust::null_type,thrust::null_type,thrust::null_type,thrust::null_type,thrust::null_type,thrust::null_type,thrust::null_type>>
         
         ,            Size=__int64
         
         ,            UnaryFunction=thrust::detail::unary_transform_functor<thrust::system::cuda::detail::detail::stable_merge_sort_detail::locate_merge_path<thrust::detail::normal_iterator<thrust::pointer<unsigned int,thrust::system::cuda::detail::tag,thrust::use_default,thrust::use_default>>,unsigned int,thrust::system::cuda::detail::temporary_indirect_ordering<thrust::system::cuda::detail::tag,thrust::device_ptr<PathSegment>,thrust::less<PathSegment>>::compare>>
         
                 ]
         
     1>C:/Program Files/NVIDIA GPU Computing Toolkit/CUDA/v7.5/include\thrust/system/cuda/detail/detail/stable_merge_sort.inl(327): warning C4244: 'argument' : conversion from '__int64' to 'const unsigned int', possible loss of data
         
                 C:/Program Files/NVIDIA GPU Computing Toolkit/CUDA/v7.5/include\thrust/detail/internal_functional.h(322) : see reference to function template instantiation 'Index thrust::system::cuda::detail::detail::stable_merge_sort_detail::locate_merge_path<thrust::detail::normal_iterator<thrust::pointer<unsigned int,thrust::system::cuda::detail::tag,thrust::use_default,thrust::use_default>>,unsigned int,thrust::system::cuda::detail::temporary_indirect_ordering<thrust::system::cuda::detail::tag,thrust::device_ptr<PathSegment>,thrust::less<PathSegment>>::compare>::operator ()<T>(Index)' being compiled
         
                 with
         
                 [
         
                     Index=__int64
         
         ,            T=__int64
         
                 ]
         
                 C:/Program Files/NVIDIA GPU Computing Toolkit/CUDA/v7.5/include\thrust/detail/internal_functional.h(322) : see reference to function template instantiation 'Index thrust::system::cuda::detail::detail::stable_merge_sort_detail::locate_merge_path<thrust::detail::normal_iterator<thrust::pointer<unsigned int,thrust::system::cuda::detail::tag,thrust::use_default,thrust::use_default>>,unsigned int,thrust::system::cuda::detail::temporary_indirect_ordering<thrust::system::cuda::detail::tag,thrust::device_ptr<PathSegment>,thrust::less<PathSegment>>::compare>::operator ()<T>(Index)' being compiled
         
                 with
         
                 [
         
                     Index=__int64
         
         ,            T=__int64
         
                 ]
         
                 C:/Program Files/NVIDIA GPU Computing Toolkit/CUDA/v7.5/include\thrust/detail/function.h(60) : see reference to function template instantiation 'void thrust::detail::unary_transform_functor<thrust::system::cuda::detail::detail::stable_merge_sort_detail::locate_merge_path<thrust::detail::normal_iterator<thrust::pointer<unsigned int,thrust::system::cuda::detail::tag,thrust::use_default,thrust::use_default>>,unsigned int,thrust::system::cuda::detail::temporary_indirect_ordering<thrust::system::cuda::detail::tag,thrust::device_ptr<PathSegment>,thrust::less<PathSegment>>::compare>>::operator ()<thrust::detail::tuple_of_iterator_references<__int64,unsigned int &,thrust::null_type,thrust::null_type,thrust::null_type,thrust::null_type,thrust::null_type,thrust::null_type,thrust::null_type,thrust::null_type>>(Tuple)' being compiled
         
                 with
         
                 [
         
                     Tuple=thrust::detail::tuple_of_iterator_references<__int64,unsigned int &,thrust::null_type,thrust::null_type,thrust::null_type,thrust::null_type,thrust::null_type,thrust::null_type,thrust::null_type,thrust::null_type>
         
                 ]
         
                 C:/Program Files/NVIDIA GPU Computing Toolkit/CUDA/v7.5/include\thrust/detail/function.h(60) : see reference to function template instantiation 'void thrust::detail::unary_transform_functor<thrust::system::cuda::detail::detail::stable_merge_sort_detail::locate_merge_path<thrust::detail::normal_iterator<thrust::pointer<unsigned int,thrust::system::cuda::detail::tag,thrust::use_default,thrust::use_default>>,unsigned int,thrust::system::cuda::detail::temporary_indirect_ordering<thrust::system::cuda::detail::tag,thrust::device_ptr<PathSegment>,thrust::less<PathSegment>>::compare>>::operator ()<thrust::detail::tuple_of_iterator_references<__int64,unsigned int &,thrust::null_type,thrust::null_type,thrust::null_type,thrust::null_type,thrust::null_type,thrust::null_type,thrust::null_type,thrust::null_type>>(Tuple)' being compiled
         
                 with
         
                 [
         
                     Tuple=thrust::detail::tuple_of_iterator_references<__int64,unsigned int &,thrust::null_type,thrust::null_type,thrust::null_type,thrust::null_type,thrust::null_type,thrust::null_type,thrust::null_type,thrust::null_type>
         
                 ]
         
     1>C:/Program Files/NVIDIA GPU Computing Toolkit/CUDA/v7.5/include\thrust/system/detail/generic/sequence.inl(48): warning C4244: 'return' : conversion from '__int64' to 'unsigned int', possible loss of data
         
                 C:/Program Files/NVIDIA GPU Computing Toolkit/CUDA/v7.5/include\thrust/detail/internal_functional.h(322) : see reference to function template instantiation 'T thrust::system::detail::generic::sequence_detail::sequence_functor<T>::operator ()<__int64>(Index) const' being compiled
         
                 with
         
                 [
         
                     T=unsigned int
         
         ,            Index=__int64
         
                 ]
         
                 C:/Program Files/NVIDIA GPU Computing Toolkit/CUDA/v7.5/include\thrust/detail/internal_functional.h(322) : see reference to function template instantiation 'T thrust::system::detail::generic::sequence_detail::sequence_functor<T>::operator ()<__int64>(Index) const' being compiled
         
                 with
         
                 [
         
                     T=unsigned int
         
         ,            Index=__int64
         
                 ]
         
                 C:/Program Files/NVIDIA GPU Computing Toolkit/CUDA/v7.5/include\thrust/detail/function.h(60) : see reference to function template instantiation 'void thrust::detail::unary_transform_functor<thrust::system::detail::generic::sequence_detail::sequence_functor<unsigned int>>::operator ()<thrust::detail::tuple_of_iterator_references<__int64,unsigned int &,thrust::null_type,thrust::null_type,thrust::null_type,thrust::null_type,thrust::null_type,thrust::null_type,thrust::null_type,thrust::null_type>>(Tuple)' being compiled
         
                 with
         
                 [
         
                     Tuple=thrust::detail::tuple_of_iterator_references<__int64,unsigned int &,thrust::null_type,thrust::null_type,thrust::null_type,thrust::null_type,thrust::null_type,thrust::null_type,thrust::null_type,thrust::null_type>
         
                 ]
         
                 C:/Program Files/NVIDIA GPU Computing Toolkit/CUDA/v7.5/include\thrust/detail/function.h(60) : see reference to function template instantiation 'void thrust::detail::unary_transform_functor<thrust::system::detail::generic::sequence_detail::sequence_functor<unsigned int>>::operator ()<thrust::detail::tuple_of_iterator_references<__int64,unsigned int &,thrust::null_type,thrust::null_type,thrust::null_type,thrust::null_type,thrust::null_type,thrust::null_type,thrust::null_type,thrust::null_type>>(Tuple)' being compiled
         
                 with
         
                 [
         
                     Tuple=thrust::detail::tuple_of_iterator_references<__int64,unsigned int &,thrust::null_type,thrust::null_type,thrust::null_type,thrust::null_type,thrust::null_type,thrust::null_type,thrust::null_type,thrust::null_type>
         
                 ]
         
                 C:/Program Files/NVIDIA GPU Computing Toolkit/CUDA/v7.5/include\thrust/system/detail/sequential/for_each.h(83) : see reference to function template instantiation 'Result thrust::detail::wrapped_function<thrust::detail::unary_transform_functor<thrust::system::detail::generic::sequence_detail::sequence_functor<unsigned int>>,Result>::operator ()<thrust::detail::tuple_of_iterator_references<__int64,thrust::reference<Element,thrust::pointer<Element,thrust::system::cuda::detail::tag,thrust::use_default,thrust::use_default>,thrust::use_default>,thrust::null_type,thrust::null_type,thrust::null_type,thrust::null_type,thrust::null_type,thrust::null_type,thrust::null_type,thrust::null_type>>(const Argument &) const' being compiled
         
                 with
         
                 [
         
                     Result=void
         
         ,            Element=unsigned int
         
         ,            Argument=thrust::detail::tuple_of_iterator_references<__int64,thrust::reference<unsigned int,thrust::pointer<unsigned int,thrust::system::cuda::detail::tag,thrust::use_default,thrust::use_default>,thrust::use_default>,thrust::null_type,thrust::null_type,thrust::null_type,thrust::null_type,thrust::null_type,thrust::null_type,thrust::null_type,thrust::null_type>
         
                 ]
         
                 C:/Program Files/NVIDIA GPU Computing Toolkit/CUDA/v7.5/include\thrust/system/detail/sequential/for_each.h(83) : see reference to function template instantiation 'Result thrust::detail::wrapped_function<thrust::detail::unary_transform_functor<thrust::system::detail::generic::sequence_detail::sequence_functor<unsigned int>>,Result>::operator ()<thrust::detail::tuple_of_iterator_references<__int64,thrust::reference<Element,thrust::pointer<Element,thrust::system::cuda::detail::tag,thrust::use_default,thrust::use_default>,thrust::use_default>,thrust::null_type,thrust::null_type,thrust::null_type,thrust::null_type,thrust::null_type,thrust::null_type,thrust::null_type,thrust::null_type>>(const Argument &) const' being compiled
         
                 with
         
                 [
         
                     Result=void
         
         ,            Element=unsigned int
         
         ,            Argument=thrust::detail::tuple_of_iterator_references<__int64,thrust::reference<unsigned int,thrust::pointer<unsigned int,thrust::system::cuda::detail::tag,thrust::use_default,thrust::use_default>,thrust::use_default>,thrust::null_type,thrust::null_type,thrust::null_type,thrust::null_type,thrust::null_type,thrust::null_type,thrust::null_type,thrust::null_type>
         
                 ]
         
                 C:/Program Files/NVIDIA GPU Computing Toolkit/CUDA/v7.5/include\thrust/detail/for_each.inl(71) : see reference to function template instantiation 'InputIterator thrust::system::detail::sequential::for_each_n<thrust::detail::seq_t,InputIterator,Size,UnaryFunction>(thrust::system::detail::sequential::execution_policy<thrust::detail::seq_t> &,InputIterator,Size,UnaryFunction)' being compiled
         
                 with
         
                 [
         
                     InputIterator=thrust::zip_iterator<thrust::tuple<thrust::counting_iterator<__int64,thrust::use_default,thrust::use_default,__int64>,thrust::detail::normal_iterator<thrust::pointer<unsigned int,thrust::system::cuda::detail::tag,thrust::use_default,thrust::use_default>>,thrust::null_type,thrust::null_type,thrust::null_type,thrust::null_type,thrust::null_type,thrust::null_type,thrust::null_type,thrust::null_type>>
         
         ,            Size=__int64
         
         ,            UnaryFunction=thrust::detail::unary_transform_functor<thrust::system::detail::generic::sequence_detail::sequence_functor<unsigned int>>
         
                 ]
         
                 C:/Program Files/NVIDIA GPU Computing Toolkit/CUDA/v7.5/include\thrust/system/cuda/detail/for_each.inl(152) : see reference to function template instantiation 'InputIterator thrust::for_each_n<DerivedPolicy,RandomAccessIterator,Size,UnaryFunction>(const thrust::detail::execution_policy_base<DerivedPolicy> &,InputIterator,Size,UnaryFunction)' being compiled
         
                 with
         
                 [
         
                     InputIterator=thrust::zip_iterator<thrust::tuple<thrust::counting_iterator<__int64,thrust::use_default,thrust::use_default,__int64>,thrust::detail::normal_iterator<thrust::pointer<unsigned int,thrust::system::cuda::detail::tag,thrust::use_default,thrust::use_default>>,thrust::null_type,thrust::null_type,thrust::null_type,thrust::null_type,thrust::null_type,thrust::null_type,thrust::null_type,thrust::null_type>>
         
         ,            DerivedPolicy=thrust::detail::seq_t
         
         ,            RandomAccessIterator=thrust::zip_iterator<thrust::tuple<thrust::counting_iterator<__int64,thrust::use_default,thrust::use_default,__int64>,thrust::detail::normal_iterator<thrust::pointer<unsigned int,thrust::system::cuda::detail::tag,thrust::use_default,thrust::use_default>>,thrust::null_type,thrust::null_type,thrust::null_type,thrust::null_type,thrust::null_type,thrust::null_type,thrust::null_type,thrust::null_type>>
         
         ,            Size=__int64
         
         ,            UnaryFunction=thrust::detail::unary_transform_functor<thrust::system::detail::generic::sequence_detail::sequence_functor<unsigned int>>
         
                 ]
         
         Building Custom Rule C:/Users/moi/git/CIS565/kdtreePathTracerOptimization/src/CMakeLists.txt
         CMake does not need to re-run because C:\Users\moi\git\CIS565\kdtreePathTracerOptimization\build\src\CMakeFiles\generate.stamp is up-to-date.
       ClCompile:
         C:\Program Files (x86)\Microsoft Visual Studio 12.0\VC\bin\x86_amd64\CL.exe /c /IC:\Users\moi\git\CIS565\kdtreePathTracerOptimization\external /IC:\Users\moi\git\CIS565\kdtreePathTracerOptimization\external\include /IC:\Users\moi\git\CIS565\kdtreePathTracerOptimization\. /I"C:\Program Files\NVIDIA GPU Computing Toolkit\CUDA\v7.5\include" /nologo /W3 /WX- /O2 /Ob2 /D WIN32 /D _WINDOWS /D NDEBUG /D GLEW_STATIC /D "CMAKE_INTDIR=\"Release\"" /D _MBCS /Gm- /EHsc /MD /GS /fp:precise /Zc:wchar_t /Zc:forScope /GR /Fo"src.dir\Release\\" /Fd"src.dir\Release\vc120.pdb" /Gd /TP /errorReport:prompt C:\Users\moi\git\CIS565\kdtreePathTracerOptimization\src\stb.cpp C:\Users\moi\git\CIS565\kdtreePathTracerOptimization\src\image.cpp C:\Users\moi\git\CIS565\kdtreePathTracerOptimization\src\glslUtility.cpp C:\Users\moi\git\CIS565\kdtreePathTracerOptimization\src\scene.cpp C:\Users\moi\git\CIS565\kdtreePathTracerOptimization\src\preview.cpp C:\Users\moi\git\CIS565\kdtreePathTracerOptimization\src\utilities.cpp C:\Users\moi\git\CIS565\kdtreePathTracerOptimization\src\tiny_obj_loader.cpp C:\Users\moi\git\CIS565\kdtreePathTracerOptimization\src\objmesh.cpp
         stb.cpp
     1>C:\Users\moi\git\CIS565\kdtreePathTracerOptimization\external\include\stb_image_write.h(215): warning C4996: 'fopen': This function or variable may be unsafe. Consider using fopen_s instead. To disable deprecation, use _CRT_SECURE_NO_WARNINGS. See online help for details.
                 C:\Program Files (x86)\Microsoft Visual Studio 12.0\VC\include\stdio.h(211) : see declaration of 'fopen'
     1>C:\Users\moi\git\CIS565\kdtreePathTracerOptimization\external\include\stb_image_write.h(377): warning C4996: 'fopen': This function or variable may be unsafe. Consider using fopen_s instead. To disable deprecation, use _CRT_SECURE_NO_WARNINGS. See online help for details.
                 C:\Program Files (x86)\Microsoft Visual Studio 12.0\VC\include\stdio.h(211) : see declaration of 'fopen'
     1>C:\Users\moi\git\CIS565\kdtreePathTracerOptimization\external\include\stb_image_write.h(707): warning C4996: 'fopen': This function or variable may be unsafe. Consider using fopen_s instead. To disable deprecation, use _CRT_SECURE_NO_WARNINGS. See online help for details.
                 C:\Program Files (x86)\Microsoft Visual Studio 12.0\VC\include\stdio.h(211) : see declaration of 'fopen'
         image.cpp
         glslUtility.cpp
     1>C:\Users\moi\git\CIS565\kdtreePathTracerOptimization\src\glslUtility.cpp(100): warning C4996: 'strcpy': This function or variable may be unsafe. Consider using strcpy_s instead. To disable deprecation, use _CRT_SECURE_NO_WARNINGS. See online help for details.
                 C:\Program Files (x86)\Microsoft Visual Studio 12.0\VC\include\string.h(112) : see declaration of 'strcpy'
         scene.cpp
     1>C:\Users\moi\git\CIS565\kdtreePathTracerOptimization\src\scene.cpp(175): warning C4244: '=' : conversion from 'double' to 'float', possible loss of data
     1>C:\Users\moi\git\CIS565\kdtreePathTracerOptimization\src\scene.cpp(239): warning C4244: '=' : conversion from 'double' to 'float', possible loss of data
     1>C:\Users\moi\git\CIS565\kdtreePathTracerOptimization\src\scene.cpp(244): warning C4244: '=' : conversion from 'double' to 'float', possible loss of data
     1>C:\Users\moi\git\CIS565\kdtreePathTracerOptimization\src\scene.cpp(246): warning C4244: '=' : conversion from 'double' to 'float', possible loss of data
     1>C:\Users\moi\git\CIS565\kdtreePathTracerOptimization\src\scene.cpp(248): warning C4244: '=' : conversion from 'double' to 'float', possible loss of data
     1>C:\Users\moi\git\CIS565\kdtreePathTracerOptimization\src\scene.cpp(250): warning C4244: '=' : conversion from 'double' to 'float', possible loss of data
     1>C:\Users\moi\git\CIS565\kdtreePathTracerOptimization\src\scene.cpp(283): warning C4267: '=' : conversion from 'size_t' to 'int', possible loss of data
     1>C:\Users\moi\git\CIS565\kdtreePathTracerOptimization\src\scene.cpp(321): warning C4267: '=' : conversion from 'size_t' to 'int', possible loss of data
     1>C:\Users\moi\git\CIS565\kdtreePathTracerOptimization\src\scene.cpp(336): warning C4267: '+=' : conversion from 'size_t' to 'int', possible loss of data
     1>C:\Users\moi\git\CIS565\kdtreePathTracerOptimization\src\scene.cpp(337): warning C4267: '=' : conversion from 'size_t' to 'int', possible loss of data
     1>C:\Users\moi\git\CIS565\kdtreePathTracerOptimization\src\scene.cpp(499): warning C4267: '=' : conversion from 'size_t' to 'int', possible loss of data
         preview.cpp
         utilities.cpp
         tiny_obj_loader.cpp
         objmesh.cpp
         Generating Code...
       PreLinkEvent:
         setlocal
         "C:\Program Files\CMake\bin\cmake.exe" -E echo "Building NVCC intermediate link file src/CMakeFiles/src.dir/Release/src_intermediate_link.obj"
         if %errorlevel% neq 0 goto :cmEnd
         "C:\Program Files\CMake\bin\cmake.exe" -E make_directory C:/Users/moi/git/CIS565/kdtreePathTracerOptimization/build/src/CMakeFiles/src.dir/Release
         if %errorlevel% neq 0 goto :cmEnd
         "C:\Program Files\NVIDIA GPU Computing Toolkit\CUDA\v7.5\bin\nvcc.exe"   -arch=sm_20 -m64 -ccbin "C:\Program Files (x86)\Microsoft Visual Studio 12.0\VC\bin"   -Xcompiler /MD     -dlink C:/Users/moi/git/CIS565/kdtreePathTracerOptimization/build/src/CMakeFiles/src.dir//Release/src_generated_pathtrace.cu.obj -o C:/Users/moi/git/CIS565/kdtreePathTracerOptimization/build/src/CMakeFiles/src.dir/Release/src_intermediate_link.obj
         if %errorlevel% neq 0 goto :cmEnd
         :cmEnd
         endlocal & call :cmErrorLevel %errorlevel% & goto :cmDone
         :cmErrorLevel
         exit /b %1
         :cmDone
         if %errorlevel% neq 0 goto :VCEnd
         :VCEnd
         Building NVCC intermediate link file src/CMakeFiles/src.dir/Release/src_intermediate_link.obj
         src_generated_pathtrace.cu.obj
       Lib:
         C:\Program Files (x86)\Microsoft Visual Studio 12.0\VC\bin\x86_amd64\Lib.exe /OUT:"C:\Users\moi\git\CIS565\kdtreePathTracerOptimization\build\src\Release\src.lib" /NOLOGO /MACHINE:X64  /machine:x64 src.dir\Release\stb.obj
         src.dir\Release\image.obj
         src.dir\Release\glslUtility.obj
         src.dir\Release\scene.obj
         src.dir\Release\preview.obj
         src.dir\Release\utilities.obj
         src.dir\Release\tiny_obj_loader.obj
         src.dir\Release\objmesh.obj
         C:\Users\moi\git\CIS565\kdtreePathTracerOptimization\build\src\CMakeFiles\src.dir\Release\src_generated_pathtrace.cu.obj
         C:\Users\moi\git\CIS565\kdtreePathTracerOptimization\build\src\CMakeFiles\src.dir\Release\src_intermediate_link.obj
         src.vcxproj -> C:\Users\moi\git\CIS565\kdtreePathTracerOptimization\build\src\Release\src.lib
     1>Done Building Project "C:\Users\moi\git\CIS565\kdtreePathTracerOptimization\build\src\src.vcxproj" (Rebuild target(s)).

Build succeeded.

Time Elapsed 00:00:30.71
