c:\users\moi\git\cis565\kdtreepathtraceroptimization\build\src\src.dir\release\objmesh.obj
c:\users\moi\git\cis565\kdtreepathtraceroptimization\build\src\src.dir\release\tiny_obj_loader.obj
c:\users\moi\git\cis565\kdtreepathtraceroptimization\build\src\src.dir\release\utilities.obj
c:\users\moi\git\cis565\kdtreepathtraceroptimization\build\src\src.dir\release\preview.obj
c:\users\moi\git\cis565\kdtreepathtraceroptimization\build\src\src.dir\release\scene.obj
c:\users\moi\git\cis565\kdtreepathtraceroptimization\build\src\src.dir\release\glslutility.obj
c:\users\moi\git\cis565\kdtreepathtraceroptimization\build\src\src.dir\release\image.obj
c:\users\moi\git\cis565\kdtreepathtraceroptimization\build\src\src.dir\release\stb.obj
c:\users\moi\git\cis565\kdtreepathtraceroptimization\build\src\cmakefiles\src.dir\release\src_generated_pathtrace.cu.obj
c:\users\moi\git\cis565\kdtreepathtraceroptimization\build\src\cmakefiles\generate.stamp
c:\users\moi\git\cis565\kdtreepathtraceroptimization\build\src\release\src.lib
c:\users\moi\git\cis565\kdtreepathtraceroptimization\build\src\src.dir\release\src.tlog\cl.command.1.tlog
c:\users\moi\git\cis565\kdtreepathtraceroptimization\build\src\src.dir\release\src.tlog\cl.read.1.tlog
c:\users\moi\git\cis565\kdtreepathtraceroptimization\build\src\src.dir\release\src.tlog\cl.write.1.tlog
c:\users\moi\git\cis565\kdtreepathtraceroptimization\build\src\src.dir\release\src.tlog\custombuild.command.1.tlog
c:\users\moi\git\cis565\kdtreepathtraceroptimization\build\src\src.dir\release\src.tlog\custombuild.read.1.tlog
c:\users\moi\git\cis565\kdtreepathtraceroptimization\build\src\src.dir\release\src.tlog\custombuild.write.1.tlog
c:\users\moi\git\cis565\kdtreepathtraceroptimization\build\src\src.dir\release\src.tlog\lib-link.read.1.tlog
c:\users\moi\git\cis565\kdtreepathtraceroptimization\build\src\src.dir\release\src.tlog\lib-link.write.1.tlog
c:\users\moi\git\cis565\kdtreepathtraceroptimization\build\src\src.dir\release\src.tlog\lib.command.1.tlog
